<?xml version="1.0" encoding="UTF-8"?>
<!-- Generated by org.testng.reporters.JUnitXMLReporter -->
<testsuite ignored="0" hostname="DhananjayP-PC" failures="1" tests="8" name="Test" time="68.094" errors="0" timestamp="2024-01-09T17:40:36 IST">
  <testcase classname="testCases.TC_001_AccountRegistration" name="test_account_registration" time="6.897"/>
  <testcase classname="testCases.TC_002_Login" name="test_user_login" time="3.455"/>
  <testcase classname="testCases.TC_004_Search" name="search_fetaure" time="3.046"/>
  <testcase classname="testCases.TC_005_AddItemInCard" name="AddItemInCard" time="9.524"/>
  <testcase classname="testCases.TC_006_CompaireProducts" name="CompaireProducts" time="11.208"/>
  <testcase classname="testCases.TC_007_AddInWishlist" name="AddInWishlist" time="10.494">
    <failure type="java.lang.AssertionError" message="null">
      <![CDATA[java.lang.AssertionError: null
at testCases.TC_007_AddInWishlist.AddInWishlist(TC_007_AddInWishlist.java:77)
at java.base/java.util.ArrayList.forEach(ArrayList.java:1511)
... Removed 29 stack frames]]>
    </failure>
  </testcase> <!-- AddInWishlist -->
  <testcase classname="testCases.TC_008_ForgetPassword" name="ForgetPassword" time="3.994"/>
  <testcase classname="testCases.TC_009_FrgtPwdWithInvalidEmailAdd" name="FrgtPwdWithInvalidEmailAdd" time="3.345"/>
</testsuite> <!-- Test -->
